mode: set
hawler/backend/cmd/main.go:18.13,22.16 3 0
hawler/backend/cmd/main.go:22.16,24.3 1 0
hawler/backend/cmd/main.go:25.2,35.12 4 0
hawler/backend/cmd/main.go:35.12,37.87 2 0
hawler/backend/cmd/main.go:37.87,39.4 1 0
hawler/backend/cmd/main.go:42.2,49.50 6 0
hawler/backend/cmd/main.go:49.50,51.3 1 0
hawler/backend/cmd/main.go:53.2,53.32 1 0
hawler/backend/internal/config/config.go:15.23,17.44 2 1
hawler/backend/internal/config/config.go:17.44,18.57 1 1
hawler/backend/internal/config/config.go:18.57,20.4 1 1
hawler/backend/internal/config/config.go:23.2,28.3 1 1
hawler/backend/internal/config/config.go:31.48,32.34 1 1
hawler/backend/internal/config/config.go:32.34,34.3 1 1
hawler/backend/internal/config/config.go:35.2,35.17 1 1
hawler/backend/internal/store/store.go:158.47,159.16 1 1
hawler/backend/internal/store/store.go:159.16,161.3 1 1
hawler/backend/internal/store/store.go:162.2,162.32 1 1
hawler/backend/internal/store/store.go:165.128,169.9 3 1
hawler/backend/internal/store/store.go:170.33,171.31 1 1
hawler/backend/internal/store/store.go:172.31,173.69 1 1
hawler/backend/internal/store/store.go:174.29,175.67 1 1
hawler/backend/internal/store/store.go:176.28,177.52 1 1
hawler/backend/internal/store/store.go:178.10,179.31 1 1
hawler/backend/internal/store/store.go:183.46,185.16 2 0
hawler/backend/internal/store/store.go:185.16,187.3 1 0
hawler/backend/internal/store/store.go:189.2,193.34 4 0
hawler/backend/internal/store/store.go:193.34,195.3 1 0
hawler/backend/internal/store/store.go:197.2,197.28 1 0
hawler/backend/internal/store/store.go:200.31,202.2 1 0
hawler/backend/internal/store/store.go:204.97,212.16 3 0
hawler/backend/internal/store/store.go:212.16,214.3 1 0
hawler/backend/internal/store/store.go:215.2,215.15 1 0
hawler/backend/internal/store/store.go:218.79,224.16 3 0
hawler/backend/internal/store/store.go:224.16,226.3 1 0
hawler/backend/internal/store/store.go:227.2,227.15 1 0
hawler/backend/internal/store/store.go:230.81,236.16 3 0
hawler/backend/internal/store/store.go:236.16,238.3 1 0
hawler/backend/internal/store/store.go:239.2,239.15 1 0
hawler/backend/internal/store/store.go:242.89,250.16 3 0
hawler/backend/internal/store/store.go:250.16,252.3 1 0
hawler/backend/internal/store/store.go:253.2,253.15 1 0
hawler/backend/internal/store/store.go:256.99,258.16 2 0
hawler/backend/internal/store/store.go:258.16,260.3 1 0
hawler/backend/internal/store/store.go:261.2,270.16 4 0
hawler/backend/internal/store/store.go:270.16,272.3 1 0
hawler/backend/internal/store/store.go:274.2,278.16 1 0
hawler/backend/internal/store/store.go:278.16,280.3 1 0
hawler/backend/internal/store/store.go:282.2,282.36 1 0
hawler/backend/internal/store/store.go:282.36,284.3 1 0
hawler/backend/internal/store/store.go:285.2,286.15 2 0
hawler/backend/internal/store/store.go:289.89,298.16 2 0
hawler/backend/internal/store/store.go:298.16,300.3 1 0
hawler/backend/internal/store/store.go:301.2,304.18 3 0
hawler/backend/internal/store/store.go:304.18,306.74 2 0
hawler/backend/internal/store/store.go:306.74,308.4 1 0
hawler/backend/internal/store/store.go:309.3,309.27 1 0
hawler/backend/internal/store/store.go:311.2,311.26 1 0
hawler/backend/internal/store/store.go:314.119,324.16 3 0
hawler/backend/internal/store/store.go:324.16,326.3 1 0
hawler/backend/internal/store/store.go:327.2,327.15 1 0
hawler/backend/internal/store/store.go:330.106,339.16 2 0
hawler/backend/internal/store/store.go:339.16,341.3 1 0
hawler/backend/internal/store/store.go:342.2,345.18 3 0
hawler/backend/internal/store/store.go:345.18,347.104 2 0
hawler/backend/internal/store/store.go:347.104,349.4 1 0
hawler/backend/internal/store/store.go:350.3,350.27 1 0
hawler/backend/internal/store/store.go:352.2,352.26 1 0
hawler/backend/internal/store/store.go:355.102,361.16 3 0
hawler/backend/internal/store/store.go:361.16,363.3 1 0
hawler/backend/internal/store/store.go:364.2,364.18 1 0
hawler/backend/internal/store/store.go:367.92,373.16 3 0
hawler/backend/internal/store/store.go:373.16,375.3 1 0
hawler/backend/internal/store/store.go:376.2,376.17 1 0
hawler/backend/internal/store/store.go:379.95,385.16 3 0
hawler/backend/internal/store/store.go:385.16,387.3 1 0
hawler/backend/internal/store/store.go:388.2,388.25 1 0
hawler/backend/internal/store/store.go:391.104,401.16 4 0
hawler/backend/internal/store/store.go:401.16,403.3 1 0
hawler/backend/internal/store/store.go:404.2,404.36 1 0
hawler/backend/internal/store/store.go:407.91,416.16 3 0
hawler/backend/internal/store/store.go:416.16,418.3 1 0
hawler/backend/internal/store/store.go:419.2,419.25 1 0
hawler/backend/internal/store/store.go:422.99,428.16 3 0
hawler/backend/internal/store/store.go:428.16,430.3 1 0
hawler/backend/internal/store/store.go:431.2,431.20 1 0
hawler/backend/internal/store/store.go:434.108,442.16 3 0
hawler/backend/internal/store/store.go:442.16,444.3 1 0
hawler/backend/internal/store/store.go:445.2,445.15 1 0
hawler/backend/internal/store/store.go:448.90,456.16 2 0
hawler/backend/internal/store/store.go:456.16,458.3 1 0
hawler/backend/internal/store/store.go:459.2,462.18 3 0
hawler/backend/internal/store/store.go:462.18,464.97 2 0
hawler/backend/internal/store/store.go:464.97,466.4 1 0
hawler/backend/internal/store/store.go:467.3,467.27 1 0
hawler/backend/internal/store/store.go:469.2,469.26 1 0
hawler/backend/internal/store/store.go:472.100,474.16 2 0
hawler/backend/internal/store/store.go:474.16,476.3 1 0
hawler/backend/internal/store/store.go:477.2,486.16 4 0
hawler/backend/internal/store/store.go:486.16,488.3 1 0
hawler/backend/internal/store/store.go:490.2,490.72 1 0
hawler/backend/internal/store/store.go:490.72,492.3 1 0
hawler/backend/internal/store/store.go:494.2,494.36 1 0
hawler/backend/internal/store/store.go:494.36,496.3 1 0
hawler/backend/internal/store/store.go:497.2,497.15 1 0
hawler/backend/internal/store/store.go:500.84,508.16 2 0
hawler/backend/internal/store/store.go:508.16,510.3 1 0
hawler/backend/internal/store/store.go:511.2,514.18 3 0
hawler/backend/internal/store/store.go:514.18,516.88 2 0
hawler/backend/internal/store/store.go:516.88,518.4 1 0
hawler/backend/internal/store/store.go:519.3,519.27 1 0
hawler/backend/internal/store/store.go:521.2,521.26 1 0
hawler/backend/internal/store/store.go:524.106,529.19 2 0
hawler/backend/internal/store/store.go:530.15,539.4 1 0
hawler/backend/internal/store/store.go:540.10,548.4 1 0
hawler/backend/internal/store/store.go:551.2,551.32 1 0
hawler/backend/internal/store/store.go:551.32,556.17 1 0
hawler/backend/internal/store/store.go:556.17,558.4 1 0
hawler/backend/internal/store/store.go:560.2,560.12 1 0
hawler/backend/internal/store/store.go:563.94,571.16 2 0
hawler/backend/internal/store/store.go:571.16,573.3 1 0
hawler/backend/internal/store/store.go:574.2,577.18 3 0
hawler/backend/internal/store/store.go:577.18,579.99 2 0
hawler/backend/internal/store/store.go:579.99,581.4 1 0
hawler/backend/internal/store/store.go:582.3,582.27 1 0
hawler/backend/internal/store/store.go:584.2,584.26 1 0
hawler/backend/internal/store/store.go:587.95,595.16 3 0
hawler/backend/internal/store/store.go:595.16,597.3 1 0
hawler/backend/internal/store/store.go:598.2,598.15 1 0
hawler/backend/internal/store/store.go:601.102,609.16 3 0
hawler/backend/internal/store/store.go:609.16,611.3 1 0
hawler/backend/internal/store/store.go:612.2,612.15 1 0
hawler/backend/internal/store/store.go:615.95,625.16 3 0
hawler/backend/internal/store/store.go:625.16,627.3 1 0
hawler/backend/internal/store/store.go:628.2,628.15 1 0
hawler/backend/internal/store/store.go:631.104,637.16 3 0
hawler/backend/internal/store/store.go:637.16,639.3 1 0
hawler/backend/internal/store/store.go:640.2,640.20 1 0
hawler/backend/internal/store/store.go:643.119,645.16 2 0
hawler/backend/internal/store/store.go:645.16,647.3 1 0
hawler/backend/internal/store/store.go:648.2,650.18 2 0
hawler/backend/internal/store/store.go:650.18,652.3 1 0
hawler/backend/internal/store/store.go:654.2,658.29 2 0
hawler/backend/internal/store/store.go:658.29,660.3 1 0
hawler/backend/internal/store/store.go:661.2,661.22 1 0
hawler/backend/internal/store/store.go:661.22,663.3 1 0
hawler/backend/internal/store/store.go:665.2,670.16 1 0
hawler/backend/internal/store/store.go:670.16,672.3 1 0
hawler/backend/internal/store/store.go:674.2,681.16 3 0
hawler/backend/internal/store/store.go:681.16,683.3 1 0
hawler/backend/internal/store/store.go:685.2,685.36 1 0
hawler/backend/internal/store/store.go:685.36,687.3 1 0
hawler/backend/internal/store/store.go:688.2,688.15 1 0
hawler/backend/internal/store/store.go:695.24,697.16 2 0
hawler/backend/internal/store/store.go:697.16,699.3 1 0
hawler/backend/internal/store/store.go:700.2,710.16 4 0
hawler/backend/internal/store/store.go:710.16,712.3 1 0
hawler/backend/internal/store/store.go:713.2,713.100 1 0
hawler/backend/internal/store/store.go:713.100,715.3 1 0
hawler/backend/internal/store/store.go:717.2,718.23 2 0
hawler/backend/internal/store/store.go:718.23,720.3 1 0
hawler/backend/internal/store/store.go:721.2,722.23 2 0
hawler/backend/internal/store/store.go:722.23,724.3 1 0
hawler/backend/internal/store/store.go:725.2,726.27 2 0
hawler/backend/internal/store/store.go:726.27,728.25 2 0
hawler/backend/internal/store/store.go:728.25,730.4 1 0
hawler/backend/internal/store/store.go:732.3,736.30 2 0
hawler/backend/internal/store/store.go:736.30,738.4 1 0
hawler/backend/internal/store/store.go:739.3,740.17 2 0
hawler/backend/internal/store/store.go:740.17,742.4 1 0
hawler/backend/internal/store/store.go:743.3,743.30 1 0
hawler/backend/internal/store/store.go:743.30,745.4 1 0
hawler/backend/internal/store/store.go:747.3,747.40 1 0
hawler/backend/internal/store/store.go:747.40,756.18 1 0
hawler/backend/internal/store/store.go:756.18,758.5 1 0
hawler/backend/internal/store/store.go:759.9,759.47 1 0
hawler/backend/internal/store/store.go:759.47,768.18 1 0
hawler/backend/internal/store/store.go:768.18,770.5 1 0
hawler/backend/internal/store/store.go:774.2,782.16 3 0
hawler/backend/internal/store/store.go:782.16,784.3 1 0
hawler/backend/internal/store/store.go:786.2,786.32 1 0
hawler/backend/internal/store/store.go:786.32,793.17 1 0
hawler/backend/internal/store/store.go:793.17,795.4 1 0
hawler/backend/internal/store/store.go:798.2,798.36 1 0
hawler/backend/internal/store/store.go:798.36,800.3 1 0
hawler/backend/internal/store/store.go:801.2,801.21 1 0
hawler/backend/internal/store/store.go:804.112,806.16 2 0
hawler/backend/internal/store/store.go:806.16,808.3 1 0
hawler/backend/internal/store/store.go:809.2,819.16 4 0
hawler/backend/internal/store/store.go:819.16,821.3 1 0
hawler/backend/internal/store/store.go:822.2,822.31 1 0
hawler/backend/internal/store/store.go:822.31,824.3 1 0
hawler/backend/internal/store/store.go:826.2,830.36 2 0
hawler/backend/internal/store/store.go:830.36,832.3 1 0
hawler/backend/internal/store/store.go:833.2,833.23 1 0
hawler/backend/internal/store/store.go:833.23,835.3 1 0
hawler/backend/internal/store/store.go:837.2,841.37 2 0
hawler/backend/internal/store/store.go:841.37,843.3 1 0
hawler/backend/internal/store/store.go:845.2,845.23 1 0
hawler/backend/internal/store/store.go:845.23,846.72 1 0
hawler/backend/internal/store/store.go:846.72,848.4 1 0
hawler/backend/internal/store/store.go:849.3,850.29 2 0
hawler/backend/internal/store/store.go:850.29,852.4 1 0
hawler/backend/internal/store/store.go:854.3,858.35 2 0
hawler/backend/internal/store/store.go:858.35,859.37 1 0
hawler/backend/internal/store/store.go:859.37,861.5 1 0
hawler/backend/internal/store/store.go:862.4,862.14 1 0
hawler/backend/internal/store/store.go:865.3,869.36 2 0
hawler/backend/internal/store/store.go:869.36,871.4 1 0
hawler/backend/internal/store/store.go:874.3,886.17 1 0
hawler/backend/internal/store/store.go:886.17,888.4 1 0
hawler/backend/internal/store/store.go:891.2,894.16 1 0
hawler/backend/internal/store/store.go:894.16,896.3 1 0
hawler/backend/internal/store/store.go:898.2,904.16 1 0
hawler/backend/internal/store/store.go:904.16,906.3 1 0
hawler/backend/internal/store/store.go:908.2,908.36 1 0
hawler/backend/internal/store/store.go:908.36,910.3 1 0
hawler/backend/internal/store/store.go:911.2,911.12 1 0
hawler/backend/internal/store/store.go:919.19,930.16 5 0
hawler/backend/internal/store/store.go:930.16,932.3 1 0
hawler/backend/internal/store/store.go:934.2,934.23 1 0
hawler/backend/internal/store/store.go:934.23,936.3 1 0
hawler/backend/internal/store/store.go:937.2,937.21 1 0
hawler/backend/internal/store/store.go:937.21,939.3 1 0
hawler/backend/internal/store/store.go:940.2,940.16 1 0
hawler/backend/internal/store/store.go:943.92,949.19 5 0
hawler/backend/internal/store/store.go:949.19,953.3 3 0
hawler/backend/internal/store/store.go:954.2,954.18 1 0
hawler/backend/internal/store/store.go:954.18,957.3 2 0
hawler/backend/internal/store/store.go:958.2,958.20 1 0
hawler/backend/internal/store/store.go:958.20,960.3 1 0
hawler/backend/internal/store/store.go:961.2,964.16 3 0
hawler/backend/internal/store/store.go:964.16,966.3 1 0
hawler/backend/internal/store/store.go:967.2,970.18 3 0
hawler/backend/internal/store/store.go:970.18,974.129 4 0
hawler/backend/internal/store/store.go:974.129,976.4 1 0
hawler/backend/internal/store/store.go:977.3,977.24 1 0
hawler/backend/internal/store/store.go:977.24,979.4 1 0
hawler/backend/internal/store/store.go:980.3,980.22 1 0
hawler/backend/internal/store/store.go:980.22,982.4 1 0
hawler/backend/internal/store/store.go:983.3,983.28 1 0
hawler/backend/internal/store/store.go:985.2,985.26 1 0
hawler/backend/internal/store/store.go:988.85,998.16 5 0
hawler/backend/internal/store/store.go:998.16,1000.3 1 0
hawler/backend/internal/store/store.go:1001.2,1001.23 1 0
hawler/backend/internal/store/store.go:1001.23,1003.3 1 0
hawler/backend/internal/store/store.go:1004.2,1004.21 1 0
hawler/backend/internal/store/store.go:1004.21,1006.3 1 0
hawler/backend/internal/store/store.go:1007.2,1007.16 1 0
hawler/backend/internal/store/store.go:1010.83,1012.16 2 0
hawler/backend/internal/store/store.go:1012.16,1014.3 1 0
hawler/backend/internal/store/store.go:1015.2,1028.16 6 0
hawler/backend/internal/store/store.go:1028.16,1030.3 1 0
hawler/backend/internal/store/store.go:1032.2,1032.26 1 0
hawler/backend/internal/store/store.go:1032.26,1034.3 1 0
hawler/backend/internal/store/store.go:1035.2,1035.25 1 0
hawler/backend/internal/store/store.go:1035.25,1037.3 1 0
hawler/backend/internal/store/store.go:1039.2,1048.36 2 0
hawler/backend/internal/store/store.go:1048.36,1050.3 1 0
hawler/backend/internal/store/store.go:1051.2,1051.18 1 0
hawler/backend/internal/store/store.go:1051.18,1053.3 1 0
hawler/backend/internal/store/store.go:1055.2,1066.16 5 0
hawler/backend/internal/store/store.go:1066.16,1068.3 1 0
hawler/backend/internal/store/store.go:1069.2,1069.23 1 0
hawler/backend/internal/store/store.go:1069.23,1071.3 1 0
hawler/backend/internal/store/store.go:1072.2,1072.21 1 0
hawler/backend/internal/store/store.go:1072.21,1074.3 1 0
hawler/backend/internal/store/store.go:1076.2,1076.36 1 0
hawler/backend/internal/store/store.go:1076.36,1078.3 1 0
hawler/backend/internal/store/store.go:1079.2,1079.21 1 0
hawler/backend/internal/store/store.go:1082.94,1084.16 2 0
hawler/backend/internal/store/store.go:1084.16,1086.3 1 0
hawler/backend/internal/store/store.go:1087.2,1100.16 6 0
hawler/backend/internal/store/store.go:1100.16,1102.3 1 0
hawler/backend/internal/store/store.go:1104.2,1104.26 1 0
hawler/backend/internal/store/store.go:1104.26,1106.3 1 0
hawler/backend/internal/store/store.go:1107.2,1107.30 1 0
hawler/backend/internal/store/store.go:1107.30,1109.3 1 0
hawler/backend/internal/store/store.go:1111.2,1118.53 3 0
hawler/backend/internal/store/store.go:1118.53,1119.36 1 0
hawler/backend/internal/store/store.go:1119.36,1121.4 1 0
hawler/backend/internal/store/store.go:1122.3,1122.34 1 0
hawler/backend/internal/store/store.go:1125.2,1132.58 3 0
hawler/backend/internal/store/store.go:1132.58,1134.3 1 0
hawler/backend/internal/store/store.go:1136.2,1140.36 2 0
hawler/backend/internal/store/store.go:1140.36,1142.3 1 0
hawler/backend/internal/store/store.go:1144.2,1145.53 2 0
hawler/backend/internal/store/store.go:1145.53,1163.3 1 0
hawler/backend/internal/store/store.go:1163.8,1180.3 1 0
hawler/backend/internal/store/store.go:1181.2,1181.16 1 0
hawler/backend/internal/store/store.go:1181.16,1183.3 1 0
hawler/backend/internal/store/store.go:1184.2,1185.16 2 0
hawler/backend/internal/store/store.go:1185.16,1187.3 1 0
hawler/backend/internal/store/store.go:1189.2,1201.16 1 0
hawler/backend/internal/store/store.go:1201.16,1203.3 1 0
hawler/backend/internal/store/store.go:1205.2,1216.16 5 0
hawler/backend/internal/store/store.go:1216.16,1218.3 1 0
hawler/backend/internal/store/store.go:1219.2,1219.23 1 0
hawler/backend/internal/store/store.go:1219.23,1221.3 1 0
hawler/backend/internal/store/store.go:1222.2,1222.21 1 0
hawler/backend/internal/store/store.go:1222.21,1224.3 1 0
hawler/backend/internal/store/store.go:1226.2,1226.36 1 0
hawler/backend/internal/store/store.go:1226.36,1228.3 1 0
hawler/backend/internal/store/store.go:1230.2,1233.8 1 0
hawler/backend/internal/store/store.go:1236.93,1238.16 2 0
hawler/backend/internal/store/store.go:1238.16,1240.3 1 0
hawler/backend/internal/store/store.go:1241.2,1253.16 5 0
hawler/backend/internal/store/store.go:1253.16,1255.3 1 0
hawler/backend/internal/store/store.go:1257.2,1257.26 1 0
hawler/backend/internal/store/store.go:1257.26,1259.3 1 0
hawler/backend/internal/store/store.go:1261.2,1262.16 2 0
hawler/backend/internal/store/store.go:1262.16,1264.3 1 0
hawler/backend/internal/store/store.go:1265.2,1265.29 1 0
hawler/backend/internal/store/store.go:1265.29,1267.3 1 0
hawler/backend/internal/store/store.go:1268.2,1268.56 1 0
hawler/backend/internal/store/store.go:1268.56,1270.3 1 0
hawler/backend/internal/store/store.go:1272.2,1276.36 4 0
hawler/backend/internal/store/store.go:1276.36,1286.17 5 0
hawler/backend/internal/store/store.go:1286.17,1287.37 1 0
hawler/backend/internal/store/store.go:1287.37,1291.5 3 0
hawler/backend/internal/store/store.go:1291.10,1293.5 1 0
hawler/backend/internal/store/store.go:1296.3,1299.22 3 0
hawler/backend/internal/store/store.go:1299.22,1300.115 1 0
hawler/backend/internal/store/store.go:1300.115,1302.5 1 0
hawler/backend/internal/store/store.go:1303.4,1304.18 2 0
hawler/backend/internal/store/store.go:1304.18,1306.5 1 0
hawler/backend/internal/store/store.go:1307.9,1309.4 1 0
hawler/backend/internal/store/store.go:1310.8,1312.3 1 0
hawler/backend/internal/store/store.go:1314.2,1315.16 2 0
hawler/backend/internal/store/store.go:1315.16,1317.3 1 0
hawler/backend/internal/store/store.go:1319.2,1319.36 1 0
hawler/backend/internal/store/store.go:1319.36,1321.3 1 0
hawler/backend/internal/store/store.go:1322.2,1322.21 1 0
hawler/backend/internal/store/store.go:1325.98,1327.16 2 0
hawler/backend/internal/store/store.go:1327.16,1329.3 1 0
hawler/backend/internal/store/store.go:1330.2,1343.16 6 0
hawler/backend/internal/store/store.go:1343.16,1345.3 1 0
hawler/backend/internal/store/store.go:1347.2,1347.78 1 0
hawler/backend/internal/store/store.go:1347.78,1349.3 1 0
hawler/backend/internal/store/store.go:1351.2,1359.16 4 0
hawler/backend/internal/store/store.go:1359.16,1360.36 1 0
hawler/backend/internal/store/store.go:1360.36,1362.4 1 0
hawler/backend/internal/store/store.go:1363.3,1363.21 1 0
hawler/backend/internal/store/store.go:1366.2,1367.16 2 0
hawler/backend/internal/store/store.go:1367.16,1369.3 1 0
hawler/backend/internal/store/store.go:1370.2,1370.29 1 0
hawler/backend/internal/store/store.go:1370.29,1372.3 1 0
hawler/backend/internal/store/store.go:1373.2,1373.56 1 0
hawler/backend/internal/store/store.go:1373.56,1375.3 1 0
hawler/backend/internal/store/store.go:1377.2,1378.16 2 0
hawler/backend/internal/store/store.go:1378.16,1380.3 1 0
hawler/backend/internal/store/store.go:1382.2,1382.63 1 0
hawler/backend/internal/store/store.go:1382.63,1383.114 1 0
hawler/backend/internal/store/store.go:1383.114,1385.4 1 0
hawler/backend/internal/store/store.go:1386.8,1386.70 1 0
hawler/backend/internal/store/store.go:1386.70,1388.3 1 0
hawler/backend/internal/store/store.go:1390.2,1391.16 2 0
hawler/backend/internal/store/store.go:1391.16,1393.3 1 0
hawler/backend/internal/store/store.go:1395.2,1395.36 1 0
hawler/backend/internal/store/store.go:1395.36,1397.3 1 0
hawler/backend/internal/store/store.go:1398.2,1398.21 1 0
hawler/backend/internal/store/store.go:1401.73,1402.26 1 1
hawler/backend/internal/store/store.go:1402.26,1404.3 1 1
hawler/backend/internal/store/store.go:1405.2,1407.12 2 1
hawler/backend/internal/store/store.go:1410.93,1412.16 2 0
hawler/backend/internal/store/store.go:1412.16,1414.3 1 0
hawler/backend/internal/store/store.go:1416.2,1424.34 2 0
hawler/backend/internal/store/store.go:1424.34,1426.3 1 0
hawler/backend/internal/store/store.go:1428.2,1436.38 2 0
hawler/backend/internal/store/store.go:1436.38,1438.3 1 0
hawler/backend/internal/store/store.go:1440.2,1455.16 2 0
hawler/backend/internal/store/store.go:1455.16,1457.3 1 0
hawler/backend/internal/store/store.go:1458.2,1461.18 3 0
hawler/backend/internal/store/store.go:1461.18,1463.88 2 0
hawler/backend/internal/store/store.go:1463.88,1465.4 1 0
hawler/backend/internal/store/store.go:1466.3,1466.31 1 0
hawler/backend/internal/store/store.go:1468.2,1468.35 1 0
hawler/backend/internal/store/store.go:1468.35,1470.3 1 0
hawler/backend/internal/store/store.go:1472.2,1473.24 2 0
hawler/backend/internal/store/store.go:1473.24,1475.3 1 0
hawler/backend/internal/store/store.go:1477.2,1478.20 2 0
hawler/backend/internal/store/store.go:1478.20,1480.3 1 0
hawler/backend/internal/store/store.go:1482.2,1490.8 1 0
hawler/backend/internal/store/store.go:1493.95,1521.16 7 0
hawler/backend/internal/store/store.go:1521.16,1523.3 1 0
hawler/backend/internal/store/store.go:1525.2,1525.23 1 0
hawler/backend/internal/store/store.go:1525.23,1527.3 1 0
hawler/backend/internal/store/store.go:1527.8,1529.3 1 0
hawler/backend/internal/store/store.go:1530.2,1530.23 1 0
hawler/backend/internal/store/store.go:1530.23,1532.3 1 0
hawler/backend/internal/store/store.go:1533.2,1533.22 1 0
hawler/backend/internal/store/store.go:1533.22,1535.3 1 0
hawler/backend/internal/store/store.go:1537.2,1537.34 1 0
hawler/backend/internal/store/store.go:1540.99,1547.2 3 0
hawler/backend/internal/store/store.go:1549.138,1560.2 2 0
hawler/backend/internal/store/store.go:1568.17,1596.16 6 0
hawler/backend/internal/store/store.go:1596.16,1598.3 1 0
hawler/backend/internal/store/store.go:1599.2,1599.23 1 0
hawler/backend/internal/store/store.go:1599.23,1601.3 1 0
hawler/backend/internal/store/store.go:1602.2,1602.23 1 0
hawler/backend/internal/store/store.go:1602.23,1604.3 1 0
hawler/backend/internal/store/store.go:1605.2,1605.22 1 0
hawler/backend/internal/store/store.go:1605.22,1607.3 1 0
hawler/backend/internal/store/store.go:1608.2,1608.21 1 0
hawler/backend/internal/store/store.go:1622.17,1624.16 2 0
hawler/backend/internal/store/store.go:1624.16,1626.3 1 0
hawler/backend/internal/store/store.go:1627.2,1633.33 3 0
hawler/backend/internal/store/store.go:1633.33,1635.3 1 0
hawler/backend/internal/store/store.go:1637.2,1641.34 2 0
hawler/backend/internal/store/store.go:1641.34,1643.3 1 0
hawler/backend/internal/store/store.go:1646.2,1646.26 1 0
hawler/backend/internal/store/store.go:1646.26,1647.60 1 0
hawler/backend/internal/store/store.go:1647.60,1654.41 2 0
hawler/backend/internal/store/store.go:1654.41,1655.38 1 0
hawler/backend/internal/store/store.go:1655.38,1657.6 1 0
hawler/backend/internal/store/store.go:1658.5,1658.23 1 0
hawler/backend/internal/store/store.go:1660.4,1662.18 3 0
hawler/backend/internal/store/store.go:1663.9,1663.37 1 0
hawler/backend/internal/store/store.go:1663.37,1666.4 1 0
hawler/backend/internal/store/store.go:1668.2,1670.18 2 0
hawler/backend/internal/store/store.go:1670.18,1672.3 1 0
hawler/backend/internal/store/store.go:1674.2,1678.33 2 0
hawler/backend/internal/store/store.go:1678.33,1680.3 1 0
hawler/backend/internal/store/store.go:1681.2,1681.26 1 0
hawler/backend/internal/store/store.go:1681.26,1683.3 1 0
hawler/backend/internal/store/store.go:1685.2,1692.16 1 0
hawler/backend/internal/store/store.go:1692.16,1694.3 1 0
hawler/backend/internal/store/store.go:1696.2,1707.16 6 0
hawler/backend/internal/store/store.go:1707.16,1709.3 1 0
hawler/backend/internal/store/store.go:1711.2,1711.23 1 0
hawler/backend/internal/store/store.go:1711.23,1713.3 1 0
hawler/backend/internal/store/store.go:1714.2,1714.23 1 0
hawler/backend/internal/store/store.go:1714.23,1716.3 1 0
hawler/backend/internal/store/store.go:1717.2,1717.22 1 0
hawler/backend/internal/store/store.go:1717.22,1719.3 1 0
hawler/backend/internal/store/store.go:1721.2,1721.36 1 0
hawler/backend/internal/store/store.go:1721.36,1723.3 1 0
hawler/backend/internal/store/store.go:1724.2,1724.15 1 0
hawler/backend/internal/store/store.go:1727.79,1739.16 6 0
hawler/backend/internal/store/store.go:1739.16,1741.3 1 0
hawler/backend/internal/store/store.go:1742.2,1742.23 1 0
hawler/backend/internal/store/store.go:1742.23,1744.3 1 0
hawler/backend/internal/store/store.go:1745.2,1745.23 1 0
hawler/backend/internal/store/store.go:1745.23,1747.3 1 0
hawler/backend/internal/store/store.go:1748.2,1748.22 1 0
hawler/backend/internal/store/store.go:1748.22,1750.3 1 0
hawler/backend/internal/store/store.go:1751.2,1751.15 1 0
hawler/backend/internal/store/store.go:1754.107,1759.24 4 0
hawler/backend/internal/store/store.go:1759.24,1763.3 3 0
hawler/backend/internal/store/store.go:1764.2,1764.30 1 0
hawler/backend/internal/store/store.go:1764.30,1768.3 3 0
hawler/backend/internal/store/store.go:1769.2,1769.27 1 0
hawler/backend/internal/store/store.go:1769.27,1773.3 3 0
hawler/backend/internal/store/store.go:1774.2,1774.22 1 0
hawler/backend/internal/store/store.go:1774.22,1778.3 3 0
hawler/backend/internal/store/store.go:1779.2,1779.23 1 0
hawler/backend/internal/store/store.go:1779.23,1783.3 3 0
hawler/backend/internal/store/store.go:1785.2,1785.20 1 0
hawler/backend/internal/store/store.go:1785.20,1787.3 1 0
hawler/backend/internal/store/store.go:1789.2,1805.16 8 0
hawler/backend/internal/store/store.go:1805.16,1807.3 1 0
hawler/backend/internal/store/store.go:1808.2,1808.23 1 0
hawler/backend/internal/store/store.go:1808.23,1810.3 1 0
hawler/backend/internal/store/store.go:1811.2,1811.23 1 0
hawler/backend/internal/store/store.go:1811.23,1813.3 1 0
hawler/backend/internal/store/store.go:1814.2,1814.22 1 0
hawler/backend/internal/store/store.go:1814.22,1816.3 1 0
hawler/backend/internal/store/store.go:1817.2,1817.15 1 0
hawler/backend/internal/store/store.go:1820.136,1822.16 2 0
hawler/backend/internal/store/store.go:1822.16,1824.3 1 0
hawler/backend/internal/store/store.go:1825.2,1850.16 7 0
hawler/backend/internal/store/store.go:1850.16,1852.3 1 0
hawler/backend/internal/store/store.go:1853.2,1853.23 1 0
hawler/backend/internal/store/store.go:1853.23,1855.3 1 0
hawler/backend/internal/store/store.go:1856.2,1856.23 1 0
hawler/backend/internal/store/store.go:1856.23,1858.3 1 0
hawler/backend/internal/store/store.go:1859.2,1859.22 1 0
hawler/backend/internal/store/store.go:1859.22,1861.3 1 0
hawler/backend/internal/store/store.go:1863.2,1864.29 2 0
hawler/backend/internal/store/store.go:1864.29,1866.3 1 0
hawler/backend/internal/store/store.go:1867.2,1867.27 1 0
hawler/backend/internal/store/store.go:1867.27,1869.3 1 0
hawler/backend/internal/store/store.go:1871.2,1871.26 1 0
hawler/backend/internal/store/store.go:1871.26,1873.3 1 0
hawler/backend/internal/store/store.go:1875.2,1875.24 1 0
hawler/backend/internal/store/store.go:1875.24,1877.3 1 0
hawler/backend/internal/store/store.go:1879.2,1883.33 2 0
hawler/backend/internal/store/store.go:1883.33,1885.3 1 0
hawler/backend/internal/store/store.go:1887.2,1891.36 2 0
hawler/backend/internal/store/store.go:1891.36,1893.3 1 0
hawler/backend/internal/store/store.go:1895.2,1897.39 2 0
hawler/backend/internal/store/store.go:1897.39,1902.34 2 0
hawler/backend/internal/store/store.go:1902.34,1904.4 1 0
hawler/backend/internal/store/store.go:1906.3,1907.17 2 0
hawler/backend/internal/store/store.go:1907.17,1909.4 1 0
hawler/backend/internal/store/store.go:1910.3,1910.30 1 0
hawler/backend/internal/store/store.go:1910.30,1912.4 1 0
hawler/backend/internal/store/store.go:1914.3,1914.40 1 0
hawler/backend/internal/store/store.go:1914.40,1924.18 1 0
hawler/backend/internal/store/store.go:1924.18,1926.5 1 0
hawler/backend/internal/store/store.go:1927.9,1927.47 1 0
hawler/backend/internal/store/store.go:1927.47,1937.18 1 0
hawler/backend/internal/store/store.go:1937.18,1939.5 1 0
hawler/backend/internal/store/store.go:1941.8,1949.17 1 0
hawler/backend/internal/store/store.go:1949.17,1951.4 1 0
hawler/backend/internal/store/store.go:1953.3,1957.40 2 0
hawler/backend/internal/store/store.go:1957.40,1959.4 1 0
hawler/backend/internal/store/store.go:1961.3,1961.39 1 0
hawler/backend/internal/store/store.go:1961.39,1963.4 1 0
hawler/backend/internal/store/store.go:1965.3,1972.17 1 0
hawler/backend/internal/store/store.go:1972.17,1974.4 1 0
hawler/backend/internal/store/store.go:1977.2,1983.16 6 0
hawler/backend/internal/store/store.go:1983.16,1985.3 1 0
hawler/backend/internal/store/store.go:1987.2,2006.16 2 0
hawler/backend/internal/store/store.go:2006.16,2008.3 1 0
hawler/backend/internal/store/store.go:2009.2,2009.27 1 0
hawler/backend/internal/store/store.go:2009.27,2011.3 1 0
hawler/backend/internal/store/store.go:2012.2,2012.27 1 0
hawler/backend/internal/store/store.go:2012.27,2014.3 1 0
hawler/backend/internal/store/store.go:2015.2,2015.26 1 0
hawler/backend/internal/store/store.go:2015.26,2017.3 1 0
hawler/backend/internal/store/store.go:2019.2,2019.36 1 0
hawler/backend/internal/store/store.go:2019.36,2021.3 1 0
hawler/backend/internal/store/store.go:2022.2,2022.21 1 0
hawler/backend/internal/store/store.go:2025.70,2027.16 2 0
hawler/backend/internal/store/store.go:2027.16,2029.3 1 0
hawler/backend/internal/store/store.go:2030.2,2041.53 5 0
hawler/backend/internal/store/store.go:2041.53,2043.3 1 0
hawler/backend/internal/store/store.go:2044.2,2044.46 1 0
hawler/backend/internal/store/store.go:2044.46,2046.3 1 0
hawler/backend/internal/store/store.go:2048.2,2049.16 2 0
hawler/backend/internal/store/store.go:2049.16,2051.3 1 0
hawler/backend/internal/store/store.go:2052.2,2053.16 2 0
hawler/backend/internal/store/store.go:2053.16,2055.3 1 0
hawler/backend/internal/store/store.go:2056.2,2056.19 1 0
hawler/backend/internal/store/store.go:2056.19,2058.3 1 0
hawler/backend/internal/store/store.go:2060.2,2067.16 1 0
hawler/backend/internal/store/store.go:2067.16,2069.3 1 0
hawler/backend/internal/store/store.go:2071.2,2071.20 1 0
hawler/backend/internal/store/store.go:2074.108,2082.19 5 0
hawler/backend/internal/store/store.go:2082.19,2086.3 3 0
hawler/backend/internal/store/store.go:2087.2,2087.18 1 0
hawler/backend/internal/store/store.go:2087.18,2091.3 3 0
hawler/backend/internal/store/store.go:2092.2,2092.20 1 0
hawler/backend/internal/store/store.go:2092.20,2096.3 3 0
hawler/backend/internal/store/store.go:2097.2,2097.20 1 0
hawler/backend/internal/store/store.go:2097.20,2100.3 2 0
hawler/backend/internal/store/store.go:2101.2,2101.20 1 0
hawler/backend/internal/store/store.go:2101.20,2103.3 1 0
hawler/backend/internal/store/store.go:2104.2,2107.16 3 0
hawler/backend/internal/store/store.go:2107.16,2109.3 1 0
hawler/backend/internal/store/store.go:2110.2,2113.18 3 0
hawler/backend/internal/store/store.go:2113.18,2118.172 5 0
hawler/backend/internal/store/store.go:2118.172,2120.4 1 0
hawler/backend/internal/store/store.go:2121.3,2121.24 1 0
hawler/backend/internal/store/store.go:2121.24,2123.4 1 0
hawler/backend/internal/store/store.go:2124.3,2124.24 1 0
hawler/backend/internal/store/store.go:2124.24,2126.4 1 0
hawler/backend/internal/store/store.go:2127.3,2127.23 1 0
hawler/backend/internal/store/store.go:2127.23,2129.4 1 0
hawler/backend/internal/store/store.go:2130.3,2130.27 1 0
hawler/backend/internal/store/store.go:2132.2,2132.26 1 0
hawler/backend/internal/httpapi/auth.go:33.68,38.2 1 1
hawler/backend/internal/httpapi/auth.go:40.75,53.2 4 1
hawler/backend/internal/httpapi/auth.go:55.75,56.100 1 1
hawler/backend/internal/httpapi/auth.go:56.100,57.58 1 1
hawler/backend/internal/httpapi/auth.go:57.58,59.4 1 0
hawler/backend/internal/httpapi/auth.go:60.3,60.23 1 1
hawler/backend/internal/httpapi/auth.go:62.2,62.16 1 1
hawler/backend/internal/httpapi/auth.go:62.16,64.3 1 1
hawler/backend/internal/httpapi/auth.go:66.2,67.25 2 1
hawler/backend/internal/httpapi/auth.go:67.25,69.3 1 0
hawler/backend/internal/httpapi/auth.go:70.2,70.20 1 1
hawler/backend/internal/httpapi/auth.go:73.55,75.16 2 1
hawler/backend/internal/httpapi/auth.go:75.16,77.3 1 0
hawler/backend/internal/httpapi/auth.go:78.2,78.26 1 1
hawler/backend/internal/httpapi/auth.go:81.61,83.2 1 1
hawler/backend/internal/httpapi/auth.go:85.77,87.2 1 1
hawler/backend/internal/httpapi/auth.go:89.70,91.9 2 1
hawler/backend/internal/httpapi/auth.go:91.9,93.3 1 1
hawler/backend/internal/httpapi/auth.go:94.2,94.16 1 1
hawler/backend/internal/httpapi/server.go:29.86,44.40 9 0
hawler/backend/internal/httpapi/server.go:44.40,48.30 3 0
hawler/backend/internal/httpapi/server.go:48.30,81.4 26 0
hawler/backend/internal/httpapi/server.go:84.2,84.10 1 0
hawler/backend/internal/httpapi/server.go:87.62,88.71 1 1
hawler/backend/internal/httpapi/server.go:88.71,90.23 2 1
hawler/backend/internal/httpapi/server.go:90.23,93.4 2 1
hawler/backend/internal/httpapi/server.go:94.3,95.101 2 1
hawler/backend/internal/httpapi/server.go:95.101,98.4 2 1
hawler/backend/internal/httpapi/server.go:100.3,101.17 2 1
hawler/backend/internal/httpapi/server.go:101.17,104.4 2 1
hawler/backend/internal/httpapi/server.go:106.3,107.40 2 1
hawler/backend/internal/httpapi/server.go:111.65,113.2 1 0
hawler/backend/internal/httpapi/server.go:126.67,128.44 2 0
hawler/backend/internal/httpapi/server.go:128.44,131.3 2 0
hawler/backend/internal/httpapi/server.go:133.2,135.20 3 0
hawler/backend/internal/httpapi/server.go:135.20,138.3 2 0
hawler/backend/internal/httpapi/server.go:139.2,139.30 1 0
hawler/backend/internal/httpapi/server.go:139.30,142.3 2 0
hawler/backend/internal/httpapi/server.go:143.2,143.27 1 0
hawler/backend/internal/httpapi/server.go:143.27,146.3 2 0
hawler/backend/internal/httpapi/server.go:148.2,149.16 2 0
hawler/backend/internal/httpapi/server.go:149.16,152.3 2 0
hawler/backend/internal/httpapi/server.go:154.2,155.16 2 0
hawler/backend/internal/httpapi/server.go:155.16,156.29 1 0
hawler/backend/internal/httpapi/server.go:156.29,159.4 2 0
hawler/backend/internal/httpapi/server.go:160.3,161.9 2 0
hawler/backend/internal/httpapi/server.go:164.2,165.16 2 0
hawler/backend/internal/httpapi/server.go:165.16,168.3 2 0
hawler/backend/internal/httpapi/server.go:170.2,170.74 1 0
hawler/backend/internal/httpapi/server.go:178.64,180.44 2 0
hawler/backend/internal/httpapi/server.go:180.44,183.3 2 0
hawler/backend/internal/httpapi/server.go:185.2,186.52 2 0
hawler/backend/internal/httpapi/server.go:186.52,189.3 2 0
hawler/backend/internal/httpapi/server.go:191.2,192.16 2 0
hawler/backend/internal/httpapi/server.go:192.16,193.36 1 0
hawler/backend/internal/httpapi/server.go:193.36,196.4 2 0
hawler/backend/internal/httpapi/server.go:197.3,198.9 2 0
hawler/backend/internal/httpapi/server.go:201.2,201.76 1 0
hawler/backend/internal/httpapi/server.go:201.76,204.3 2 0
hawler/backend/internal/httpapi/server.go:206.2,207.16 2 0
hawler/backend/internal/httpapi/server.go:207.16,210.3 2 0
hawler/backend/internal/httpapi/server.go:212.2,212.78 1 0
hawler/backend/internal/httpapi/server.go:215.61,217.9 2 0
hawler/backend/internal/httpapi/server.go:217.9,220.3 2 0
hawler/backend/internal/httpapi/server.go:222.2,223.16 2 0
hawler/backend/internal/httpapi/server.go:223.16,224.36 1 0
hawler/backend/internal/httpapi/server.go:224.36,227.4 2 0
hawler/backend/internal/httpapi/server.go:228.3,229.9 2 0
hawler/backend/internal/httpapi/server.go:232.2,232.37 1 0
hawler/backend/internal/httpapi/server.go:239.74,241.9 2 0
hawler/backend/internal/httpapi/server.go:241.9,244.3 2 0
hawler/backend/internal/httpapi/server.go:246.2,247.44 2 0
hawler/backend/internal/httpapi/server.go:247.44,250.3 2 0
hawler/backend/internal/httpapi/server.go:251.2,251.39 1 0
hawler/backend/internal/httpapi/server.go:251.39,254.3 2 0
hawler/backend/internal/httpapi/server.go:256.2,257.16 2 0
hawler/backend/internal/httpapi/server.go:257.16,258.21 1 0
hawler/backend/internal/httpapi/server.go:258.21,261.4 2 0
hawler/backend/internal/httpapi/server.go:262.3,263.9 2 0
hawler/backend/internal/httpapi/server.go:265.2,265.45 1 0
hawler/backend/internal/httpapi/server.go:268.73,270.9 2 0
hawler/backend/internal/httpapi/server.go:270.9,273.3 2 0
hawler/backend/internal/httpapi/server.go:275.2,276.16 2 0
hawler/backend/internal/httpapi/server.go:276.16,279.3 2 0
hawler/backend/internal/httpapi/server.go:280.2,280.36 1 0
hawler/backend/internal/httpapi/server.go:283.79,285.9 2 0
hawler/backend/internal/httpapi/server.go:285.9,288.3 2 0
hawler/backend/internal/httpapi/server.go:290.2,291.42 2 0
hawler/backend/internal/httpapi/server.go:291.42,294.3 2 0
hawler/backend/internal/httpapi/server.go:296.2,296.89 1 0
hawler/backend/internal/httpapi/server.go:296.89,299.3 2 0
hawler/backend/internal/httpapi/server.go:301.2,302.16 2 0
hawler/backend/internal/httpapi/server.go:302.16,305.3 2 0
hawler/backend/internal/httpapi/server.go:306.2,306.36 1 0
hawler/backend/internal/httpapi/server.go:315.80,317.9 2 0
hawler/backend/internal/httpapi/server.go:317.9,320.3 2 0
hawler/backend/internal/httpapi/server.go:322.2,323.42 2 0
hawler/backend/internal/httpapi/server.go:323.42,326.3 2 0
hawler/backend/internal/httpapi/server.go:328.2,328.106 1 0
hawler/backend/internal/httpapi/server.go:328.106,331.3 2 0
hawler/backend/internal/httpapi/server.go:333.2,334.44 2 0
hawler/backend/internal/httpapi/server.go:334.44,337.3 2 0
hawler/backend/internal/httpapi/server.go:339.2,340.37 2 0
hawler/backend/internal/httpapi/server.go:340.37,343.3 2 0
hawler/backend/internal/httpapi/server.go:345.2,347.24 3 0
hawler/backend/internal/httpapi/server.go:347.24,349.27 2 0
hawler/backend/internal/httpapi/server.go:349.27,352.4 2 0
hawler/backend/internal/httpapi/server.go:353.3,354.17 2 0
hawler/backend/internal/httpapi/server.go:354.17,355.37 1 0
hawler/backend/internal/httpapi/server.go:355.37,358.5 2 0
hawler/backend/internal/httpapi/server.go:359.4,360.10 2 0
hawler/backend/internal/httpapi/server.go:362.3,363.32 2 0
hawler/backend/internal/httpapi/server.go:364.8,366.17 2 0
hawler/backend/internal/httpapi/server.go:366.17,367.37 1 0
hawler/backend/internal/httpapi/server.go:367.37,370.5 2 0
hawler/backend/internal/httpapi/server.go:371.4,372.10 2 0
hawler/backend/internal/httpapi/server.go:374.3,374.24 1 0
hawler/backend/internal/httpapi/server.go:377.2,378.50 2 0
hawler/backend/internal/httpapi/server.go:378.50,381.3 2 0
hawler/backend/internal/httpapi/server.go:382.2,382.64 1 0
hawler/backend/internal/httpapi/server.go:382.64,384.17 2 0
hawler/backend/internal/httpapi/server.go:384.17,387.4 2 0
hawler/backend/internal/httpapi/server.go:388.3,388.18 1 0
hawler/backend/internal/httpapi/server.go:388.18,391.4 2 0
hawler/backend/internal/httpapi/server.go:394.2,395.16 2 0
hawler/backend/internal/httpapi/server.go:395.16,396.21 1 0
hawler/backend/internal/httpapi/server.go:396.21,399.4 2 0
hawler/backend/internal/httpapi/server.go:400.3,401.9 2 0
hawler/backend/internal/httpapi/server.go:403.2,405.37 3 0
hawler/backend/internal/httpapi/server.go:414.72,416.9 2 0
hawler/backend/internal/httpapi/server.go:416.9,419.3 2 0
hawler/backend/internal/httpapi/server.go:421.2,422.44 2 0
hawler/backend/internal/httpapi/server.go:422.44,425.3 2 0
hawler/backend/internal/httpapi/server.go:426.2,426.46 1 0
hawler/backend/internal/httpapi/server.go:426.46,429.3 2 0
hawler/backend/internal/httpapi/server.go:430.2,430.39 1 0
hawler/backend/internal/httpapi/server.go:430.39,433.3 2 0
hawler/backend/internal/httpapi/server.go:435.2,435.128 1 0
hawler/backend/internal/httpapi/server.go:435.128,438.3 2 0
hawler/backend/internal/httpapi/server.go:440.2,441.16 2 0
hawler/backend/internal/httpapi/server.go:441.16,442.21 1 0
hawler/backend/internal/httpapi/server.go:442.21,445.4 2 0
hawler/backend/internal/httpapi/server.go:446.3,447.9 2 0
hawler/backend/internal/httpapi/server.go:449.2,449.43 1 0
hawler/backend/internal/httpapi/server.go:452.71,454.9 2 0
hawler/backend/internal/httpapi/server.go:454.9,457.3 2 0
hawler/backend/internal/httpapi/server.go:459.2,460.23 2 0
hawler/backend/internal/httpapi/server.go:460.23,463.3 2 0
hawler/backend/internal/httpapi/server.go:465.2,465.89 1 0
hawler/backend/internal/httpapi/server.go:465.89,468.3 2 0
hawler/backend/internal/httpapi/server.go:470.2,471.16 2 0
hawler/backend/internal/httpapi/server.go:471.16,474.3 2 0
hawler/backend/internal/httpapi/server.go:475.2,475.36 1 0
hawler/backend/internal/httpapi/server.go:484.70,486.9 2 0
hawler/backend/internal/httpapi/server.go:486.9,489.3 2 0
hawler/backend/internal/httpapi/server.go:491.2,492.44 2 0
hawler/backend/internal/httpapi/server.go:492.44,495.3 2 0
hawler/backend/internal/httpapi/server.go:496.2,496.44 1 0
hawler/backend/internal/httpapi/server.go:496.44,499.3 2 0
hawler/backend/internal/httpapi/server.go:500.2,500.39 1 0
hawler/backend/internal/httpapi/server.go:500.39,503.3 2 0
hawler/backend/internal/httpapi/server.go:505.2,506.16 2 0
hawler/backend/internal/httpapi/server.go:506.16,507.36 1 0
hawler/backend/internal/httpapi/server.go:507.36,510.4 2 0
hawler/backend/internal/httpapi/server.go:511.3,512.9 2 0
hawler/backend/internal/httpapi/server.go:515.2,515.124 1 0
hawler/backend/internal/httpapi/server.go:515.124,518.3 2 0
hawler/backend/internal/httpapi/server.go:520.2,521.21 2 0
hawler/backend/internal/httpapi/server.go:521.21,523.3 1 0
hawler/backend/internal/httpapi/server.go:524.2,524.51 1 0
hawler/backend/internal/httpapi/server.go:524.51,527.3 2 0
hawler/backend/internal/httpapi/server.go:529.2,530.16 2 0
hawler/backend/internal/httpapi/server.go:530.16,531.21 1 0
hawler/backend/internal/httpapi/server.go:531.21,534.4 2 0
hawler/backend/internal/httpapi/server.go:535.3,536.9 2 0
hawler/backend/internal/httpapi/server.go:538.2,538.41 1 0
hawler/backend/internal/httpapi/server.go:541.69,543.9 2 0
hawler/backend/internal/httpapi/server.go:543.9,546.3 2 0
hawler/backend/internal/httpapi/server.go:548.2,549.21 2 0
hawler/backend/internal/httpapi/server.go:549.21,552.3 2 0
hawler/backend/internal/httpapi/server.go:554.2,555.16 2 0
hawler/backend/internal/httpapi/server.go:555.16,556.36 1 0
hawler/backend/internal/httpapi/server.go:556.36,559.4 2 0
hawler/backend/internal/httpapi/server.go:560.3,561.9 2 0
hawler/backend/internal/httpapi/server.go:564.2,564.89 1 0
hawler/backend/internal/httpapi/server.go:564.89,567.3 2 0
hawler/backend/internal/httpapi/server.go:569.2,570.16 2 0
hawler/backend/internal/httpapi/server.go:570.16,573.3 2 0
hawler/backend/internal/httpapi/server.go:574.2,574.36 1 0
hawler/backend/internal/httpapi/server.go:577.75,579.9 2 0
hawler/backend/internal/httpapi/server.go:579.9,582.3 2 0
hawler/backend/internal/httpapi/server.go:584.2,585.19 2 0
hawler/backend/internal/httpapi/server.go:585.19,588.3 2 0
hawler/backend/internal/httpapi/server.go:590.2,591.16 2 0
hawler/backend/internal/httpapi/server.go:591.16,592.36 1 0
hawler/backend/internal/httpapi/server.go:592.36,595.4 2 0
hawler/backend/internal/httpapi/server.go:596.3,597.9 2 0
hawler/backend/internal/httpapi/server.go:599.2,599.89 1 0
hawler/backend/internal/httpapi/server.go:599.89,602.3 2 0
hawler/backend/internal/httpapi/server.go:604.2,605.16 2 0
hawler/backend/internal/httpapi/server.go:605.16,608.3 2 0
hawler/backend/internal/httpapi/server.go:609.2,609.36 1 0
hawler/backend/internal/httpapi/server.go:618.76,620.9 2 0
hawler/backend/internal/httpapi/server.go:620.9,623.3 2 0
hawler/backend/internal/httpapi/server.go:625.2,626.19 2 0
hawler/backend/internal/httpapi/server.go:626.19,629.3 2 0
hawler/backend/internal/httpapi/server.go:631.2,632.16 2 0
hawler/backend/internal/httpapi/server.go:632.16,633.36 1 0
hawler/backend/internal/httpapi/server.go:633.36,636.4 2 0
hawler/backend/internal/httpapi/server.go:637.3,638.9 2 0
hawler/backend/internal/httpapi/server.go:640.2,640.124 1 0
hawler/backend/internal/httpapi/server.go:640.124,643.3 2 0
hawler/backend/internal/httpapi/server.go:645.2,646.44 2 0
hawler/backend/internal/httpapi/server.go:646.44,649.3 2 0
hawler/backend/internal/httpapi/server.go:651.2,653.20 3 0
hawler/backend/internal/httpapi/server.go:653.20,656.3 2 0
hawler/backend/internal/httpapi/server.go:657.2,657.20 1 0
hawler/backend/internal/httpapi/server.go:657.20,660.3 2 0
hawler/backend/internal/httpapi/server.go:662.2,663.16 2 0
hawler/backend/internal/httpapi/server.go:663.16,664.29 1 0
hawler/backend/internal/httpapi/server.go:664.29,667.4 2 0
hawler/backend/internal/httpapi/server.go:668.3,668.21 1 0
hawler/backend/internal/httpapi/server.go:668.21,671.4 2 0
hawler/backend/internal/httpapi/server.go:672.3,673.9 2 0
hawler/backend/internal/httpapi/server.go:675.2,675.42 1 0
hawler/backend/internal/httpapi/server.go:684.75,686.9 2 0
hawler/backend/internal/httpapi/server.go:686.9,689.3 2 0
hawler/backend/internal/httpapi/server.go:691.2,693.37 3 0
hawler/backend/internal/httpapi/server.go:693.37,696.3 2 0
hawler/backend/internal/httpapi/server.go:698.2,699.16 2 0
hawler/backend/internal/httpapi/server.go:699.16,700.36 1 0
hawler/backend/internal/httpapi/server.go:700.36,703.4 2 0
hawler/backend/internal/httpapi/server.go:704.3,705.9 2 0
hawler/backend/internal/httpapi/server.go:707.2,707.124 1 0
hawler/backend/internal/httpapi/server.go:707.124,710.3 2 0
hawler/backend/internal/httpapi/server.go:712.2,712.94 1 0
hawler/backend/internal/httpapi/server.go:712.94,715.3 2 0
hawler/backend/internal/httpapi/server.go:715.8,715.16 1 0
hawler/backend/internal/httpapi/server.go:715.16,718.3 2 0
hawler/backend/internal/httpapi/server.go:720.2,721.44 2 0
hawler/backend/internal/httpapi/server.go:721.44,724.3 2 0
hawler/backend/internal/httpapi/server.go:726.2,727.21 2 0
hawler/backend/internal/httpapi/server.go:727.21,729.17 2 0
hawler/backend/internal/httpapi/server.go:729.17,732.4 2 0
hawler/backend/internal/httpapi/server.go:733.3,733.21 1 0
hawler/backend/internal/httpapi/server.go:735.2,735.21 1 0
hawler/backend/internal/httpapi/server.go:735.21,737.17 2 0
hawler/backend/internal/httpapi/server.go:737.17,740.4 2 0
hawler/backend/internal/httpapi/server.go:741.3,741.21 1 0
hawler/backend/internal/httpapi/server.go:743.2,743.25 1 0
hawler/backend/internal/httpapi/server.go:743.25,745.3 1 0
hawler/backend/internal/httpapi/server.go:747.2,748.16 2 0
hawler/backend/internal/httpapi/server.go:748.16,749.36 1 0
hawler/backend/internal/httpapi/server.go:749.36,752.4 2 0
hawler/backend/internal/httpapi/server.go:753.3,753.51 1 0
hawler/backend/internal/httpapi/server.go:753.51,756.4 2 0
hawler/backend/internal/httpapi/server.go:757.3,757.29 1 0
hawler/backend/internal/httpapi/server.go:757.29,760.4 2 0
hawler/backend/internal/httpapi/server.go:761.3,762.9 2 0
hawler/backend/internal/httpapi/server.go:765.2,765.37 1 0
hawler/backend/internal/httpapi/server.go:768.76,770.9 2 0
hawler/backend/internal/httpapi/server.go:770.9,773.3 2 0
hawler/backend/internal/httpapi/server.go:775.2,777.37 3 0
hawler/backend/internal/httpapi/server.go:777.37,780.3 2 0
hawler/backend/internal/httpapi/server.go:782.2,783.16 2 0
hawler/backend/internal/httpapi/server.go:783.16,784.36 1 0
hawler/backend/internal/httpapi/server.go:784.36,787.4 2 0
hawler/backend/internal/httpapi/server.go:788.3,789.9 2 0
hawler/backend/internal/httpapi/server.go:791.2,791.124 1 0
hawler/backend/internal/httpapi/server.go:791.124,794.3 2 0
hawler/backend/internal/httpapi/server.go:796.2,798.29 3 0
hawler/backend/internal/httpapi/server.go:798.29,800.3 1 0
hawler/backend/internal/httpapi/server.go:802.2,802.98 1 0
hawler/backend/internal/httpapi/server.go:802.98,803.10 1 0
hawler/backend/internal/httpapi/server.go:804.38,805.58 1 0
hawler/backend/internal/httpapi/server.go:806.53,807.76 1 0
hawler/backend/internal/httpapi/server.go:808.56,809.69 1 0
hawler/backend/internal/httpapi/server.go:810.48,811.86 1 0
hawler/backend/internal/httpapi/server.go:812.53,813.68 1 0
hawler/backend/internal/httpapi/server.go:814.11,815.62 1 0
hawler/backend/internal/httpapi/server.go:817.3,817.9 1 0
hawler/backend/internal/httpapi/server.go:820.2,820.37 1 0
hawler/backend/internal/httpapi/server.go:832.71,834.9 2 0
hawler/backend/internal/httpapi/server.go:834.9,837.3 2 0
hawler/backend/internal/httpapi/server.go:839.2,840.44 2 0
hawler/backend/internal/httpapi/server.go:840.44,843.3 2 0
hawler/backend/internal/httpapi/server.go:844.2,844.42 1 0
hawler/backend/internal/httpapi/server.go:844.42,847.3 2 0
hawler/backend/internal/httpapi/server.go:848.2,848.39 1 0
hawler/backend/internal/httpapi/server.go:848.39,851.3 2 0
hawler/backend/internal/httpapi/server.go:853.2,854.16 2 0
hawler/backend/internal/httpapi/server.go:854.16,855.36 1 0
hawler/backend/internal/httpapi/server.go:855.36,858.4 2 0
hawler/backend/internal/httpapi/server.go:859.3,860.9 2 0
hawler/backend/internal/httpapi/server.go:863.2,863.124 1 0
hawler/backend/internal/httpapi/server.go:863.124,866.3 2 0
hawler/backend/internal/httpapi/server.go:867.2,867.26 1 0
hawler/backend/internal/httpapi/server.go:867.26,870.3 2 0
hawler/backend/internal/httpapi/server.go:872.2,873.18 2 0
hawler/backend/internal/httpapi/server.go:873.18,875.3 1 0
hawler/backend/internal/httpapi/server.go:876.2,876.69 1 0
hawler/backend/internal/httpapi/server.go:876.69,879.3 2 0
hawler/backend/internal/httpapi/server.go:881.2,882.16 2 0
hawler/backend/internal/httpapi/server.go:882.16,885.3 2 0
hawler/backend/internal/httpapi/server.go:887.2,888.16 2 0
hawler/backend/internal/httpapi/server.go:888.16,891.3 2 0
hawler/backend/internal/httpapi/server.go:893.2,894.16 2 0
hawler/backend/internal/httpapi/server.go:894.16,895.21 1 0
hawler/backend/internal/httpapi/server.go:895.21,898.4 2 0
hawler/backend/internal/httpapi/server.go:899.3,900.9 2 0
hawler/backend/internal/httpapi/server.go:902.2,902.42 1 0
hawler/backend/internal/httpapi/server.go:905.70,907.9 2 0
hawler/backend/internal/httpapi/server.go:907.9,910.3 2 0
hawler/backend/internal/httpapi/server.go:912.2,913.19 2 0
hawler/backend/internal/httpapi/server.go:913.19,916.3 2 0
hawler/backend/internal/httpapi/server.go:917.2,920.16 3 0
hawler/backend/internal/httpapi/server.go:920.16,921.36 1 0
hawler/backend/internal/httpapi/server.go:921.36,924.4 2 0
hawler/backend/internal/httpapi/server.go:925.3,926.9 2 0
hawler/backend/internal/httpapi/server.go:929.2,929.89 1 0
hawler/backend/internal/httpapi/server.go:929.89,932.3 2 0
hawler/backend/internal/httpapi/server.go:934.2,935.16 2 0
hawler/backend/internal/httpapi/server.go:935.16,938.3 2 0
hawler/backend/internal/httpapi/server.go:939.2,939.36 1 0
hawler/backend/internal/httpapi/server.go:942.71,944.9 2 0
hawler/backend/internal/httpapi/server.go:944.9,947.3 2 0
hawler/backend/internal/httpapi/server.go:949.2,950.20 2 0
hawler/backend/internal/httpapi/server.go:950.20,953.3 2 0
hawler/backend/internal/httpapi/server.go:955.2,956.16 2 0
hawler/backend/internal/httpapi/server.go:956.16,957.36 1 0
hawler/backend/internal/httpapi/server.go:957.36,960.4 2 0
hawler/backend/internal/httpapi/server.go:961.3,962.9 2 0
hawler/backend/internal/httpapi/server.go:965.2,966.16 2 0
hawler/backend/internal/httpapi/server.go:966.16,969.3 2 0
hawler/backend/internal/httpapi/server.go:970.2,970.89 1 0
hawler/backend/internal/httpapi/server.go:970.89,973.3 2 0
hawler/backend/internal/httpapi/server.go:975.2,976.16 2 0
hawler/backend/internal/httpapi/server.go:976.16,977.36 1 0
hawler/backend/internal/httpapi/server.go:977.36,980.4 2 0
hawler/backend/internal/httpapi/server.go:981.3,982.9 2 0
hawler/backend/internal/httpapi/server.go:985.2,985.37 1 0
hawler/backend/internal/httpapi/server.go:988.70,990.9 2 0
hawler/backend/internal/httpapi/server.go:990.9,993.3 2 0
hawler/backend/internal/httpapi/server.go:995.2,996.20 2 0
hawler/backend/internal/httpapi/server.go:996.20,999.3 2 0
hawler/backend/internal/httpapi/server.go:1001.2,1002.16 2 0
hawler/backend/internal/httpapi/server.go:1002.16,1003.36 1 0
hawler/backend/internal/httpapi/server.go:1003.36,1006.4 2 0
hawler/backend/internal/httpapi/server.go:1007.3,1008.9 2 0
hawler/backend/internal/httpapi/server.go:1011.2,1012.16 2 0
hawler/backend/internal/httpapi/server.go:1012.16,1015.3 2 0
hawler/backend/internal/httpapi/server.go:1016.2,1016.124 1 0
hawler/backend/internal/httpapi/server.go:1016.124,1019.3 2 0
hawler/backend/internal/httpapi/server.go:1021.2,1022.16 2 0
hawler/backend/internal/httpapi/server.go:1022.16,1023.10 1 0
hawler/backend/internal/httpapi/server.go:1024.38,1025.58 1 0
hawler/backend/internal/httpapi/server.go:1026.53,1027.77 1 0
hawler/backend/internal/httpapi/server.go:1028.50,1029.78 1 0
hawler/backend/internal/httpapi/server.go:1030.52,1031.79 1 0
hawler/backend/internal/httpapi/server.go:1032.11,1033.62 1 0
hawler/backend/internal/httpapi/server.go:1035.3,1035.9 1 0
hawler/backend/internal/httpapi/server.go:1038.2,1038.38 1 0
hawler/backend/internal/httpapi/server.go:1041.70,1043.9 2 0
hawler/backend/internal/httpapi/server.go:1043.9,1046.3 2 0
hawler/backend/internal/httpapi/server.go:1048.2,1049.20 2 0
hawler/backend/internal/httpapi/server.go:1049.20,1052.3 2 0
hawler/backend/internal/httpapi/server.go:1054.2,1055.16 2 0
hawler/backend/internal/httpapi/server.go:1055.16,1056.36 1 0
hawler/backend/internal/httpapi/server.go:1056.36,1059.4 2 0
hawler/backend/internal/httpapi/server.go:1060.3,1061.9 2 0
hawler/backend/internal/httpapi/server.go:1064.2,1065.16 2 0
hawler/backend/internal/httpapi/server.go:1065.16,1068.3 2 0
hawler/backend/internal/httpapi/server.go:1069.2,1069.124 1 0
hawler/backend/internal/httpapi/server.go:1069.124,1072.3 2 0
hawler/backend/internal/httpapi/server.go:1074.2,1075.16 2 0
hawler/backend/internal/httpapi/server.go:1075.16,1076.10 1 0
hawler/backend/internal/httpapi/server.go:1077.38,1078.58 1 0
hawler/backend/internal/httpapi/server.go:1079.53,1080.76 1 0
hawler/backend/internal/httpapi/server.go:1081.49,1082.76 1 0
hawler/backend/internal/httpapi/server.go:1083.55,1084.68 1 0
hawler/backend/internal/httpapi/server.go:1085.11,1086.62 1 0
hawler/backend/internal/httpapi/server.go:1088.3,1088.9 1 0
hawler/backend/internal/httpapi/server.go:1091.2,1091.37 1 0
hawler/backend/internal/httpapi/server.go:1094.74,1096.9 2 0
hawler/backend/internal/httpapi/server.go:1096.9,1099.3 2 0
hawler/backend/internal/httpapi/server.go:1101.2,1103.36 3 0
hawler/backend/internal/httpapi/server.go:1103.36,1106.3 2 0
hawler/backend/internal/httpapi/server.go:1108.2,1109.16 2 0
hawler/backend/internal/httpapi/server.go:1109.16,1110.36 1 0
hawler/backend/internal/httpapi/server.go:1110.36,1113.4 2 0
hawler/backend/internal/httpapi/server.go:1114.3,1115.9 2 0
hawler/backend/internal/httpapi/server.go:1118.2,1119.16 2 0
hawler/backend/internal/httpapi/server.go:1119.16,1122.3 2 0
hawler/backend/internal/httpapi/server.go:1123.2,1123.124 1 0
hawler/backend/internal/httpapi/server.go:1123.124,1126.3 2 0
hawler/backend/internal/httpapi/server.go:1128.2,1129.16 2 0
hawler/backend/internal/httpapi/server.go:1129.16,1130.10 1 0
hawler/backend/internal/httpapi/server.go:1131.38,1132.66 1 0
hawler/backend/internal/httpapi/server.go:1133.53,1134.78 1 0
hawler/backend/internal/httpapi/server.go:1135.46,1136.76 1 0
hawler/backend/internal/httpapi/server.go:1137.51,1138.80 1 0
hawler/backend/internal/httpapi/server.go:1139.53,1140.72 1 0
hawler/backend/internal/httpapi/server.go:1141.11,1142.62 1 0
hawler/backend/internal/httpapi/server.go:1144.3,1144.9 1 0
hawler/backend/internal/httpapi/server.go:1147.2,1147.35 1 0
hawler/backend/internal/httpapi/server.go:1150.79,1152.9 2 0
hawler/backend/internal/httpapi/server.go:1152.9,1155.3 2 0
hawler/backend/internal/httpapi/server.go:1157.2,1159.36 3 0
hawler/backend/internal/httpapi/server.go:1159.36,1162.3 2 0
hawler/backend/internal/httpapi/server.go:1164.2,1165.16 2 0
hawler/backend/internal/httpapi/server.go:1165.16,1166.36 1 0
hawler/backend/internal/httpapi/server.go:1166.36,1169.4 2 0
hawler/backend/internal/httpapi/server.go:1170.3,1171.9 2 0
hawler/backend/internal/httpapi/server.go:1174.2,1175.16 2 0
hawler/backend/internal/httpapi/server.go:1175.16,1178.3 2 0
hawler/backend/internal/httpapi/server.go:1179.2,1179.124 1 0
hawler/backend/internal/httpapi/server.go:1179.124,1182.3 2 0
hawler/backend/internal/httpapi/server.go:1184.2,1185.16 2 0
hawler/backend/internal/httpapi/server.go:1185.16,1186.10 1 0
hawler/backend/internal/httpapi/server.go:1187.38,1188.66 1 0
hawler/backend/internal/httpapi/server.go:1189.53,1190.78 1 0
hawler/backend/internal/httpapi/server.go:1191.55,1192.68 1 0
hawler/backend/internal/httpapi/server.go:1193.51,1194.80 1 0
hawler/backend/internal/httpapi/server.go:1195.49,1196.65 1 0
hawler/backend/internal/httpapi/server.go:1197.11,1198.62 1 0
hawler/backend/internal/httpapi/server.go:1200.3,1200.9 1 0
hawler/backend/internal/httpapi/server.go:1203.2,1203.35 1 0
hawler/backend/internal/httpapi/server.go:1218.69,1220.9 2 0
hawler/backend/internal/httpapi/server.go:1220.9,1223.3 2 0
hawler/backend/internal/httpapi/server.go:1225.2,1226.44 2 0
hawler/backend/internal/httpapi/server.go:1226.44,1229.3 2 0
hawler/backend/internal/httpapi/server.go:1230.2,1230.42 1 0
hawler/backend/internal/httpapi/server.go:1230.42,1233.3 2 0
hawler/backend/internal/httpapi/server.go:1234.2,1234.40 1 0
hawler/backend/internal/httpapi/server.go:1234.40,1237.3 2 0
hawler/backend/internal/httpapi/server.go:1239.2,1240.16 2 0
hawler/backend/internal/httpapi/server.go:1240.16,1241.36 1 0
hawler/backend/internal/httpapi/server.go:1241.36,1244.4 2 0
hawler/backend/internal/httpapi/server.go:1245.3,1246.9 2 0
hawler/backend/internal/httpapi/server.go:1248.2,1248.89 1 0
hawler/backend/internal/httpapi/server.go:1248.89,1251.3 2 0
hawler/backend/internal/httpapi/server.go:1253.2,1254.16 2 0
hawler/backend/internal/httpapi/server.go:1254.16,1255.36 1 0
hawler/backend/internal/httpapi/server.go:1255.36,1258.4 2 0
hawler/backend/internal/httpapi/server.go:1259.3,1260.9 2 0
hawler/backend/internal/httpapi/server.go:1263.2,1264.71 2 0
hawler/backend/internal/httpapi/server.go:1264.71,1266.17 2 0
hawler/backend/internal/httpapi/server.go:1266.17,1269.4 2 0
hawler/backend/internal/httpapi/server.go:1270.3,1270.15 1 0
hawler/backend/internal/httpapi/server.go:1270.15,1273.4 2 0
hawler/backend/internal/httpapi/server.go:1274.3,1276.31 2 0
hawler/backend/internal/httpapi/server.go:1276.31,1277.101 1 0
hawler/backend/internal/httpapi/server.go:1277.101,1279.5 1 0
hawler/backend/internal/httpapi/server.go:1283.2,1284.16 2 0
hawler/backend/internal/httpapi/server.go:1284.16,1287.3 2 0
hawler/backend/internal/httpapi/server.go:1289.2,1301.16 2 0
hawler/backend/internal/httpapi/server.go:1301.16,1302.21 1 0
hawler/backend/internal/httpapi/server.go:1302.21,1305.4 2 0
hawler/backend/internal/httpapi/server.go:1306.3,1306.53 1 0
hawler/backend/internal/httpapi/server.go:1306.53,1309.4 2 0
hawler/backend/internal/httpapi/server.go:1310.3,1311.9 2 0
hawler/backend/internal/httpapi/server.go:1313.2,1313.40 1 0
hawler/backend/internal/httpapi/server.go:1327.68,1329.9 2 0
hawler/backend/internal/httpapi/server.go:1329.9,1332.3 2 0
hawler/backend/internal/httpapi/server.go:1334.2,1336.16 3 0
hawler/backend/internal/httpapi/server.go:1336.16,1339.3 2 0
hawler/backend/internal/httpapi/server.go:1341.2,1342.44 2 0
hawler/backend/internal/httpapi/server.go:1342.44,1345.3 2 0
hawler/backend/internal/httpapi/server.go:1347.2,1348.22 2 0
hawler/backend/internal/httpapi/server.go:1348.22,1350.18 2 0
hawler/backend/internal/httpapi/server.go:1350.18,1353.4 2 0
hawler/backend/internal/httpapi/server.go:1354.3,1354.29 1 0
hawler/backend/internal/httpapi/server.go:1356.2,1356.28 1 0
hawler/backend/internal/httpapi/server.go:1356.28,1359.3 2 0
hawler/backend/internal/httpapi/server.go:1360.2,1360.25 1 0
hawler/backend/internal/httpapi/server.go:1360.25,1363.3 2 0
hawler/backend/internal/httpapi/server.go:1364.2,1364.24 1 0
hawler/backend/internal/httpapi/server.go:1364.24,1366.44 2 0
hawler/backend/internal/httpapi/server.go:1366.44,1368.4 1 0
hawler/backend/internal/httpapi/server.go:1368.9,1370.18 2 0
hawler/backend/internal/httpapi/server.go:1370.18,1373.5 2 0
hawler/backend/internal/httpapi/server.go:1374.4,1374.32 1 0
hawler/backend/internal/httpapi/server.go:1377.2,1377.25 1 0
hawler/backend/internal/httpapi/server.go:1377.25,1380.24 3 0
hawler/backend/internal/httpapi/server.go:1380.24,1382.4 1 0
hawler/backend/internal/httpapi/server.go:1382.9,1384.18 2 0
hawler/backend/internal/httpapi/server.go:1384.18,1387.5 2 0
hawler/backend/internal/httpapi/server.go:1388.4,1388.16 1 0
hawler/backend/internal/httpapi/server.go:1388.16,1391.5 2 0
hawler/backend/internal/httpapi/server.go:1392.4,1392.39 1 0
hawler/backend/internal/httpapi/server.go:1396.2,1397.16 2 0
hawler/backend/internal/httpapi/server.go:1397.16,1398.36 1 0
hawler/backend/internal/httpapi/server.go:1398.36,1401.4 2 0
hawler/backend/internal/httpapi/server.go:1402.3,1402.21 1 0
hawler/backend/internal/httpapi/server.go:1402.21,1405.4 2 0
hawler/backend/internal/httpapi/server.go:1406.3,1407.9 2 0
hawler/backend/internal/httpapi/server.go:1410.2,1411.15 2 0
hawler/backend/internal/httpapi/server.go:1411.15,1413.34 2 0
hawler/backend/internal/httpapi/server.go:1413.34,1415.4 1 0
hawler/backend/internal/httpapi/server.go:1416.3,1416.27 1 0
hawler/backend/internal/httpapi/server.go:1416.27,1419.4 2 0
hawler/backend/internal/httpapi/server.go:1421.3,1422.26 2 0
hawler/backend/internal/httpapi/server.go:1422.26,1424.4 1 0
hawler/backend/internal/httpapi/server.go:1425.3,1426.24 2 0
hawler/backend/internal/httpapi/server.go:1426.24,1428.29 2 0
hawler/backend/internal/httpapi/server.go:1428.29,1431.5 2 0
hawler/backend/internal/httpapi/server.go:1434.3,1434.47 1 0
hawler/backend/internal/httpapi/server.go:1434.47,1436.18 2 0
hawler/backend/internal/httpapi/server.go:1436.18,1437.38 1 0
hawler/backend/internal/httpapi/server.go:1437.38,1440.6 2 0
hawler/backend/internal/httpapi/server.go:1441.5,1442.11 2 0
hawler/backend/internal/httpapi/server.go:1444.4,1444.30 1 0
hawler/backend/internal/httpapi/server.go:1447.3,1448.26 2 0
hawler/backend/internal/httpapi/server.go:1448.26,1450.4 1 0
hawler/backend/internal/httpapi/server.go:1450.9,1450.53 1 0
hawler/backend/internal/httpapi/server.go:1450.53,1452.4 1 0
hawler/backend/internal/httpapi/server.go:1454.3,1455.17 2 0
hawler/backend/internal/httpapi/server.go:1455.17,1456.37 1 0
hawler/backend/internal/httpapi/server.go:1456.37,1459.5 2 0
hawler/backend/internal/httpapi/server.go:1460.4,1460.54 1 0
hawler/backend/internal/httpapi/server.go:1460.54,1463.5 2 0
hawler/backend/internal/httpapi/server.go:1464.4,1465.10 2 0
hawler/backend/internal/httpapi/server.go:1469.2,1469.42 1 0
hawler/backend/internal/httpapi/server.go:1479.67,1481.9 2 0
hawler/backend/internal/httpapi/server.go:1481.9,1484.3 2 0
hawler/backend/internal/httpapi/server.go:1486.2,1488.16 3 0
hawler/backend/internal/httpapi/server.go:1488.16,1491.3 2 0
hawler/backend/internal/httpapi/server.go:1493.2,1494.44 2 0
hawler/backend/internal/httpapi/server.go:1494.44,1497.3 2 0
hawler/backend/internal/httpapi/server.go:1499.2,1500.26 2 0
hawler/backend/internal/httpapi/server.go:1500.26,1502.3 1 0
hawler/backend/internal/httpapi/server.go:1503.2,1503.26 1 0
hawler/backend/internal/httpapi/server.go:1503.26,1506.3 2 0
hawler/backend/internal/httpapi/server.go:1508.2,1508.82 1 0
hawler/backend/internal/httpapi/server.go:1508.82,1510.17 2 0
hawler/backend/internal/httpapi/server.go:1510.17,1511.37 1 0
hawler/backend/internal/httpapi/server.go:1511.37,1514.5 2 0
hawler/backend/internal/httpapi/server.go:1515.4,1516.10 2 0
hawler/backend/internal/httpapi/server.go:1518.3,1518.29 1 0
hawler/backend/internal/httpapi/server.go:1521.2,1522.25 2 0
hawler/backend/internal/httpapi/server.go:1522.25,1524.24 2 0
hawler/backend/internal/httpapi/server.go:1524.24,1526.4 1 0
hawler/backend/internal/httpapi/server.go:1526.9,1528.18 2 0
hawler/backend/internal/httpapi/server.go:1528.18,1531.5 2 0
hawler/backend/internal/httpapi/server.go:1532.4,1532.16 1 0
hawler/backend/internal/httpapi/server.go:1532.16,1535.5 2 0
hawler/backend/internal/httpapi/server.go:1536.4,1536.33 1 0
hawler/backend/internal/httpapi/server.go:1540.2,1541.16 2 0
hawler/backend/internal/httpapi/server.go:1541.16,1542.36 1 0
hawler/backend/internal/httpapi/server.go:1542.36,1545.4 2 0
hawler/backend/internal/httpapi/server.go:1546.3,1546.53 1 0
hawler/backend/internal/httpapi/server.go:1546.53,1549.4 2 0
hawler/backend/internal/httpapi/server.go:1550.3,1551.9 2 0
hawler/backend/internal/httpapi/server.go:1554.2,1554.38 1 0
hawler/backend/internal/httpapi/server.go:1557.69,1559.9 2 0
hawler/backend/internal/httpapi/server.go:1559.9,1562.3 2 0
hawler/backend/internal/httpapi/server.go:1564.2,1565.81 2 0
hawler/backend/internal/httpapi/server.go:1565.81,1568.3 2 0
hawler/backend/internal/httpapi/server.go:1570.2,1570.64 1 0
hawler/backend/internal/httpapi/server.go:1570.64,1571.36 1 0
hawler/backend/internal/httpapi/server.go:1571.36,1574.4 2 0
hawler/backend/internal/httpapi/server.go:1575.3,1576.9 2 0
hawler/backend/internal/httpapi/server.go:1579.2,1579.37 1 0
hawler/backend/internal/httpapi/server.go:1582.68,1584.9 2 0
hawler/backend/internal/httpapi/server.go:1584.9,1587.3 2 0
hawler/backend/internal/httpapi/server.go:1589.2,1590.19 2 0
hawler/backend/internal/httpapi/server.go:1590.19,1593.3 2 0
hawler/backend/internal/httpapi/server.go:1594.2,1599.16 5 0
hawler/backend/internal/httpapi/server.go:1599.16,1600.36 1 0
hawler/backend/internal/httpapi/server.go:1600.36,1603.4 2 0
hawler/backend/internal/httpapi/server.go:1604.3,1605.9 2 0
hawler/backend/internal/httpapi/server.go:1607.2,1607.89 1 0
hawler/backend/internal/httpapi/server.go:1607.89,1610.3 2 0
hawler/backend/internal/httpapi/server.go:1612.2,1612.20 1 0
hawler/backend/internal/httpapi/server.go:1612.20,1614.17 2 0
hawler/backend/internal/httpapi/server.go:1614.17,1617.4 2 0
hawler/backend/internal/httpapi/server.go:1618.3,1618.15 1 0
hawler/backend/internal/httpapi/server.go:1618.15,1621.4 2 0
hawler/backend/internal/httpapi/server.go:1623.2,1623.20 1 0
hawler/backend/internal/httpapi/server.go:1623.20,1625.17 2 0
hawler/backend/internal/httpapi/server.go:1625.17,1628.4 2 0
hawler/backend/internal/httpapi/server.go:1629.3,1629.15 1 0
hawler/backend/internal/httpapi/server.go:1629.15,1632.4 2 0
hawler/backend/internal/httpapi/server.go:1635.2,1636.16 2 0
hawler/backend/internal/httpapi/server.go:1636.16,1639.3 2 0
hawler/backend/internal/httpapi/server.go:1640.2,1640.36 1 0
hawler/backend/internal/httpapi/server.go:1643.45,1648.2 4 1
hawler/backend/internal/httpapi/server.go:1650.132,1654.20 3 0
hawler/backend/internal/httpapi/server.go:1654.20,1656.17 2 0
hawler/backend/internal/httpapi/server.go:1656.17,1658.4 1 0
hawler/backend/internal/httpapi/server.go:1659.3,1659.32 1 0
hawler/backend/internal/httpapi/server.go:1659.32,1661.4 1 0
hawler/backend/internal/httpapi/server.go:1662.3,1662.52 1 0
hawler/backend/internal/httpapi/server.go:1662.52,1664.4 1 0
hawler/backend/internal/httpapi/server.go:1665.3,1665.21 1 0
hawler/backend/internal/httpapi/server.go:1668.2,1668.22 1 0
hawler/backend/internal/httpapi/server.go:1668.22,1670.3 1 0
hawler/backend/internal/httpapi/server.go:1672.2,1672.50 1 0
hawler/backend/internal/httpapi/server.go:1675.56,1677.15 2 1
hawler/backend/internal/httpapi/server.go:1677.15,1679.3 1 1
hawler/backend/internal/httpapi/server.go:1680.2,1681.16 2 1
hawler/backend/internal/httpapi/server.go:1681.16,1683.3 1 1
hawler/backend/internal/httpapi/server.go:1684.2,1684.21 1 1
hawler/backend/internal/httpapi/server.go:1687.49,1693.44 4 1
hawler/backend/internal/httpapi/server.go:1693.44,1695.3 1 1
hawler/backend/internal/httpapi/server.go:1697.2,1697.65 1 1
hawler/backend/internal/httpapi/server.go:1697.65,1699.3 1 1
hawler/backend/internal/httpapi/server.go:1700.2,1700.12 1 1
hawler/backend/internal/httpapi/server.go:1703.62,1707.2 3 1
hawler/backend/internal/httpapi/server.go:1709.66,1711.2 1 1
hawler/backend/internal/httpapi/server.go:1713.32,1714.35 1 1
hawler/backend/internal/httpapi/server.go:1714.35,1716.3 1 1
hawler/backend/internal/httpapi/server.go:1717.2,1718.45 2 1
hawler/backend/internal/httpapi/server.go:1721.40,1724.2 2 1
hawler/backend/internal/httpapi/server.go:1726.38,1728.2 1 1
hawler/backend/internal/httpapi/server.go:1730.45,1732.2 1 1
hawler/backend/internal/httpapi/server.go:1734.57,1735.23 1 1
hawler/backend/internal/httpapi/server.go:1735.23,1737.3 1 1
hawler/backend/internal/httpapi/server.go:1738.2,1738.31 1 1
hawler/backend/internal/httpapi/server.go:1738.31,1739.19 1 1
hawler/backend/internal/httpapi/server.go:1739.19,1741.4 1 1
hawler/backend/internal/httpapi/server.go:1743.2,1743.14 1 1
hawler/backend/internal/httpapi/server.go:1746.97,1747.18 1 0
hawler/backend/internal/httpapi/server.go:1747.18,1749.3 1 0
hawler/backend/internal/httpapi/server.go:1751.2,1752.16 2 0
hawler/backend/internal/httpapi/server.go:1752.16,1754.3 1 0
hawler/backend/internal/httpapi/server.go:1756.2,1757.16 2 0
hawler/backend/internal/httpapi/server.go:1757.16,1759.3 1 0
hawler/backend/internal/httpapi/server.go:1760.2,1760.73 1 0
hawler/backend/internal/httpapi/server.go:1760.73,1762.3 1 0
hawler/backend/internal/httpapi/server.go:1764.2,1764.18 1 0
hawler/backend/internal/httpapi/server.go:1767.118,1769.16 2 0
hawler/backend/internal/httpapi/server.go:1769.16,1770.36 1 0
hawler/backend/internal/httpapi/server.go:1770.36,1772.4 1 0
hawler/backend/internal/httpapi/server.go:1773.3,1773.13 1 0
hawler/backend/internal/httpapi/server.go:1775.2,1775.41 1 0
hawler/backend/internal/httpapi/server.go:1775.41,1777.3 1 0
hawler/backend/internal/httpapi/server.go:1778.2,1778.12 1 0
hawler/backend/internal/httpapi/server.go:1781.69,1782.34 1 1
hawler/backend/internal/httpapi/server.go:1782.34,1785.3 2 1
hawler/backend/internal/httpapi/server.go:1786.2,1786.60 1 1
hawler/backend/internal/httpapi/server.go:1789.73,1790.35 1 1
hawler/backend/internal/httpapi/server.go:1790.35,1793.3 2 0
hawler/backend/internal/httpapi/server.go:1794.2,1794.34 1 1
hawler/backend/internal/httpapi/server.go:1794.34,1797.3 2 1
hawler/backend/internal/httpapi/server.go:1798.2,1798.39 1 1
hawler/backend/internal/httpapi/server.go:1798.39,1801.3 2 1
hawler/backend/internal/httpapi/server.go:1802.2,1802.60 1 0
hawler/backend/internal/httpapi/server.go:1805.46,1806.71 1 1
hawler/backend/internal/httpapi/server.go:1806.71,1811.37 4 1
hawler/backend/internal/httpapi/server.go:1811.37,1814.4 2 1
hawler/backend/internal/httpapi/server.go:1816.3,1816.23 1 1
